A new study created in memory with name: no-name-de3ca37b-fd42-405c-9205-91108dff636a
Trial 0 finished with value: 0.016375772655010223 and parameters: {'learning_rate': 6.276609715272045, 'nb_blocks': 38, 'nb_epochs': 201}. Best is trial 0 with value: 0.016375772655010223.
Trial 1 finished with value: 0.014129693619906902 and parameters: {'learning_rate': 5.116435178475926, 'nb_blocks': 37, 'nb_epochs': 159}. Best is trial 1 with value: 0.014129693619906902.
Trial 2 finished with value: 0.01660459116101265 and parameters: {'learning_rate': 0.3233387170754479, 'nb_blocks': 17, 'nb_epochs': 85}. Best is trial 1 with value: 0.014129693619906902.
Trial 3 finished with value: 0.0157513078302145 and parameters: {'learning_rate': 6.432422206400414, 'nb_blocks': 16, 'nb_epochs': 166}. Best is trial 1 with value: 0.014129693619906902.
Trial 4 finished with value: 0.027528533712029457 and parameters: {'learning_rate': 0.022298332844674956, 'nb_blocks': 33, 'nb_epochs': 169}. Best is trial 1 with value: 0.014129693619906902.
Trial 5 finished with value: 0.018251344561576843 and parameters: {'learning_rate': 9.96747004584011, 'nb_blocks': 40, 'nb_epochs': 121}. Best is trial 1 with value: 0.014129693619906902.
Trial 6 finished with value: 0.017103636637330055 and parameters: {'learning_rate': 2.242220425753541, 'nb_blocks': 36, 'nb_epochs': 203}. Best is trial 1 with value: 0.014129693619906902.
Trial 7 finished with value: 0.02326168492436409 and parameters: {'learning_rate': 0.020369960701683926, 'nb_blocks': 26, 'nb_epochs': 222}. Best is trial 1 with value: 0.014129693619906902.
Trial 8 finished with value: 0.01885000430047512 and parameters: {'learning_rate': 0.21367074613382067, 'nb_blocks': 16, 'nb_epochs': 22}. Best is trial 1 with value: 0.014129693619906902.
Trial 9 finished with value: 0.018070660531520844 and parameters: {'learning_rate': 3.043110681766828, 'nb_blocks': 33, 'nb_epochs': 146}. Best is trial 1 with value: 0.014129693619906902.
Trial 10 finished with value: 0.053595319390296936 and parameters: {'learning_rate': 0.0011992898536105523, 'nb_blocks': 49, 'nb_epochs': 248}. Best is trial 1 with value: 0.014129693619906902.
Trial 11 finished with value: 0.017302842810750008 and parameters: {'learning_rate': 0.9881960411079337, 'nb_blocks': 24, 'nb_epochs': 105}. Best is trial 1 with value: 0.014129693619906902.
Trial 12 finished with value: 0.01760910451412201 and parameters: {'learning_rate': 0.6132855769812259, 'nb_blocks': 44, 'nb_epochs': 160}. Best is trial 1 with value: 0.014129693619906902.
Trial 13 finished with value: 0.02754165604710579 and parameters: {'learning_rate': 0.0444118672435581, 'nb_blocks': 26, 'nb_epochs': 65}. Best is trial 1 with value: 0.014129693619906902.
Trial 14 finished with value: 0.015362653881311417 and parameters: {'learning_rate': 1.7185661507028216, 'nb_blocks': 21, 'nb_epochs': 178}. Best is trial 1 with value: 0.014129693619906902.
Trial 15 finished with value: 0.016550764441490173 and parameters: {'learning_rate': 1.440061362630259, 'nb_blocks': 22, 'nb_epochs': 187}. Best is trial 1 with value: 0.014129693619906902.
Trial 16 finished with value: 0.017278918996453285 and parameters: {'learning_rate': 0.10208066817999993, 'nb_blocks': 28, 'nb_epochs': 131}. Best is trial 1 with value: 0.014129693619906902.
Trial 17 finished with value: 0.05140937864780426 and parameters: {'learning_rate': 0.0036175294703694304, 'nb_blocks': 43, 'nb_epochs': 230}. Best is trial 1 with value: 0.014129693619906902.
Trial 18 finished with value: 0.015533520840108395 and parameters: {'learning_rate': 0.5490178084372542, 'nb_blocks': 21, 'nb_epochs': 179}. Best is trial 1 with value: 0.014129693619906902.
Trial 19 finished with value: 0.01586778834462166 and parameters: {'learning_rate': 3.215947864108583, 'nb_blocks': 30, 'nb_epochs': 146}. Best is trial 1 with value: 0.014129693619906902.
Trial 20 finished with value: 0.017662769183516502 and parameters: {'learning_rate': 0.1676833441513652, 'nb_blocks': 49, 'nb_epochs': 108}. Best is trial 1 with value: 0.014129693619906902.
Trial 21 finished with value: 0.016886137425899506 and parameters: {'learning_rate': 0.6727480452692677, 'nb_blocks': 20, 'nb_epochs': 186}. Best is trial 1 with value: 0.014129693619906902.
Trial 22 finished with value: 0.016921257600188255 and parameters: {'learning_rate': 0.5407546440051478, 'nb_blocks': 20, 'nb_epochs': 182}. Best is trial 1 with value: 0.014129693619906902.
Trial 23 finished with value: 0.01670427992939949 and parameters: {'learning_rate': 1.9746616472660028, 'nb_blocks': 30, 'nb_epochs': 213}. Best is trial 1 with value: 0.014129693619906902.
Trial 24 finished with value: 0.01596112549304962 and parameters: {'learning_rate': 4.778488988762763, 'nb_blocks': 21, 'nb_epochs': 156}. Best is trial 1 with value: 0.014129693619906902.
Trial 25 finished with value: 0.019237929955124855 and parameters: {'learning_rate': 1.4278918095294593, 'nb_blocks': 35, 'nb_epochs': 177}. Best is trial 1 with value: 0.014129693619906902.
Trial 26 finished with value: 0.016447268426418304 and parameters: {'learning_rate': 0.34913585715073125, 'nb_blocks': 24, 'nb_epochs': 139}. Best is trial 1 with value: 0.014129693619906902.
Trial 27 finished with value: 0.014285910874605179 and parameters: {'learning_rate': 0.9959369483775898, 'nb_blocks': 30, 'nb_epochs': 197}. Best is trial 1 with value: 0.014129693619906902.
Trial 28 finished with value: 0.015505666844546795 and parameters: {'learning_rate': 4.291028209480631, 'nb_blocks': 40, 'nb_epochs': 243}. Best is trial 1 with value: 0.014129693619906902.
Trial 29 finished with value: 0.016673987731337547 and parameters: {'learning_rate': 9.603772127398443, 'nb_blocks': 38, 'nb_epochs': 198}. Best is trial 1 with value: 0.014129693619906902.
