A new study created in memory with name: no-name-b273be11-66b8-47d2-8b9d-9b1e49fe1883
Trial 0 finished with value: 0.015264267101883888 and parameters: {'learning_rate': 0.4911861633391013, 'nb_blocks': 17, 'nb_epochs': 87}. Best is trial 0 with value: 0.015264267101883888.
Trial 1 finished with value: 0.01465902104973793 and parameters: {'learning_rate': 1.8991454825396246, 'nb_blocks': 28, 'nb_epochs': 36}. Best is trial 1 with value: 0.01465902104973793.
Trial 2 finished with value: 0.017379267141222954 and parameters: {'learning_rate': 0.22869849908974696, 'nb_blocks': 28, 'nb_epochs': 52}. Best is trial 1 with value: 0.01465902104973793.
Trial 3 finished with value: 0.015820514410734177 and parameters: {'learning_rate': 1.0140440195979736, 'nb_blocks': 19, 'nb_epochs': 81}. Best is trial 1 with value: 0.01465902104973793.
Trial 4 finished with value: 0.026387061923742294 and parameters: {'learning_rate': 0.02989594973327037, 'nb_blocks': 18, 'nb_epochs': 38}. Best is trial 1 with value: 0.01465902104973793.
Trial 5 finished with value: 0.018110698089003563 and parameters: {'learning_rate': 0.1045594202552933, 'nb_blocks': 29, 'nb_epochs': 99}. Best is trial 1 with value: 0.01465902104973793.
Trial 6 finished with value: 0.015180959366261959 and parameters: {'learning_rate': 1.9345450063217047, 'nb_blocks': 33, 'nb_epochs': 63}. Best is trial 1 with value: 0.01465902104973793.
Trial 7 finished with value: 0.02491922862827778 and parameters: {'learning_rate': 0.10801601498401864, 'nb_blocks': 34, 'nb_epochs': 48}. Best is trial 1 with value: 0.01465902104973793.
Trial 8 finished with value: 0.01591670699417591 and parameters: {'learning_rate': 0.5524815291020055, 'nb_blocks': 21, 'nb_epochs': 98}. Best is trial 1 with value: 0.01465902104973793.
Trial 9 finished with value: 0.014087438583374023 and parameters: {'learning_rate': 0.2566889659797035, 'nb_blocks': 29, 'nb_epochs': 91}. Best is trial 9 with value: 0.014087438583374023.
Trial 10 finished with value: 0.03181936591863632 and parameters: {'learning_rate': 0.0020610766950372988, 'nb_blocks': 24, 'nb_epochs': 18}. Best is trial 9 with value: 0.014087438583374023.
Trial 11 finished with value: 0.015314157120883465 and parameters: {'learning_rate': 6.402469077022034, 'nb_blocks': 28, 'nb_epochs': 27}. Best is trial 9 with value: 0.014087438583374023.
Trial 12 finished with value: 0.015055930241942406 and parameters: {'learning_rate': 4.885941802263027, 'nb_blocks': 31, 'nb_epochs': 63}. Best is trial 9 with value: 0.014087438583374023.
Trial 13 finished with value: 0.025981202721595764 and parameters: {'learning_rate': 0.025501580303910153, 'nb_blocks': 25, 'nb_epochs': 75}. Best is trial 9 with value: 0.014087438583374023.
Trial 14 finished with value: 0.03135180473327637 and parameters: {'learning_rate': 0.017764590204722805, 'nb_blocks': 23, 'nb_epochs': 37}. Best is trial 9 with value: 0.014087438583374023.
Trial 15 finished with value: 0.016895556822419167 and parameters: {'learning_rate': 1.5265386730761934, 'nb_blocks': 31, 'nb_epochs': 40}. Best is trial 9 with value: 0.014087438583374023.
Trial 16 finished with value: 0.03496243804693222 and parameters: {'learning_rate': 0.005014663436807236, 'nb_blocks': 28, 'nb_epochs': 70}. Best is trial 9 with value: 0.014087438583374023.
Trial 17 finished with value: 0.014362981542944908 and parameters: {'learning_rate': 3.1742889675820405, 'nb_blocks': 26, 'nb_epochs': 28}. Best is trial 9 with value: 0.014087438583374023.
Trial 18 finished with value: 0.014355462044477463 and parameters: {'learning_rate': 7.775037282870995, 'nb_blocks': 15, 'nb_epochs': 88}. Best is trial 9 with value: 0.014087438583374023.
Trial 19 finished with value: 0.013942909426987171 and parameters: {'learning_rate': 0.2867218831796807, 'nb_blocks': 15, 'nb_epochs': 89}. Best is trial 19 with value: 0.013942909426987171.
Trial 20 finished with value: 0.0142207695171237 and parameters: {'learning_rate': 0.2531941930794826, 'nb_blocks': 21, 'nb_epochs': 92}. Best is trial 19 with value: 0.013942909426987171.
Trial 21 finished with value: 0.015115461312234402 and parameters: {'learning_rate': 0.27141846027949307, 'nb_blocks': 15, 'nb_epochs': 91}. Best is trial 19 with value: 0.013942909426987171.
Trial 22 finished with value: 0.01911337487399578 and parameters: {'learning_rate': 0.06613786765764562, 'nb_blocks': 22, 'nb_epochs': 81}. Best is trial 19 with value: 0.013942909426987171.
Trial 23 finished with value: 0.015581097453832626 and parameters: {'learning_rate': 0.22393073388518345, 'nb_blocks': 19, 'nb_epochs': 94}. Best is trial 19 with value: 0.013942909426987171.
Trial 24 finished with value: 0.017211515456438065 and parameters: {'learning_rate': 0.531302501338458, 'nb_blocks': 26, 'nb_epochs': 81}. Best is trial 19 with value: 0.013942909426987171.
Trial 25 finished with value: 0.020358938723802567 and parameters: {'learning_rate': 0.04670913781014204, 'nb_blocks': 21, 'nb_epochs': 71}. Best is trial 19 with value: 0.013942909426987171.
Trial 26 finished with value: 0.015585469081997871 and parameters: {'learning_rate': 0.16264767887646442, 'nb_blocks': 17, 'nb_epochs': 84}. Best is trial 19 with value: 0.013942909426987171.
Trial 27 finished with value: 0.03666175901889801 and parameters: {'learning_rate': 0.012921421602060465, 'nb_blocks': 31, 'nb_epochs': 100}. Best is trial 19 with value: 0.013942909426987171.
Trial 28 finished with value: 0.014271463267505169 and parameters: {'learning_rate': 0.43007625882923967, 'nb_blocks': 21, 'nb_epochs': 93}. Best is trial 19 with value: 0.013942909426987171.
Trial 29 finished with value: 0.016145221889019012 and parameters: {'learning_rate': 0.862449289889157, 'nb_blocks': 16, 'nb_epochs': 74}. Best is trial 19 with value: 0.013942909426987171.
